<?xml version="1.0" encoding="UTF-8"?>
<testsuite name="com.cognizant.cityapp.controller.CityControllerIT" tests="1" skipped="0" failures="0" errors="0" timestamp="2020-02-19T15:25:26" hostname="cde-OptiPlex-7060" time="0.078">
  <properties/>
  <testcase name="getCitiesByHeader_callsCityService_onSuccess()" classname="com.cognizant.cityapp.controller.CityControllerIT" time="0.078"/>
  <system-out><![CDATA[09:25:25.340 [Test worker] DEBUG org.springframework.test.context.BootstrapUtils - Instantiating CacheAwareContextLoaderDelegate from class [org.springframework.test.context.cache.DefaultCacheAwareContextLoaderDelegate]
09:25:25.347 [Test worker] DEBUG org.springframework.test.context.BootstrapUtils - Instantiating BootstrapContext using constructor [public org.springframework.test.context.support.DefaultBootstrapContext(java.lang.Class,org.springframework.test.context.CacheAwareContextLoaderDelegate)]
09:25:25.364 [Test worker] DEBUG org.springframework.test.context.BootstrapUtils - Instantiating TestContextBootstrapper for test class [com.cognizant.cityapp.controller.CityControllerIT] from class [org.springframework.boot.test.autoconfigure.web.servlet.WebMvcTestContextBootstrapper]
09:25:25.372 [Test worker] INFO org.springframework.boot.test.autoconfigure.web.servlet.WebMvcTestContextBootstrapper - Neither @ContextConfiguration nor @ContextHierarchy found for test class [com.cognizant.cityapp.controller.CityControllerIT], using SpringBootContextLoader
09:25:25.374 [Test worker] DEBUG org.springframework.test.context.support.AbstractContextLoader - Did not detect default resource location for test class [com.cognizant.cityapp.controller.CityControllerIT]: class path resource [com/cognizant/cityapp/controller/CityControllerIT-context.xml] does not exist
09:25:25.374 [Test worker] DEBUG org.springframework.test.context.support.AbstractContextLoader - Did not detect default resource location for test class [com.cognizant.cityapp.controller.CityControllerIT]: class path resource [com/cognizant/cityapp/controller/CityControllerITContext.groovy] does not exist
09:25:25.374 [Test worker] INFO org.springframework.test.context.support.AbstractContextLoader - Could not detect default resource locations for test class [com.cognizant.cityapp.controller.CityControllerIT]: no resource found for suffixes {-context.xml, Context.groovy}.
09:25:25.375 [Test worker] INFO org.springframework.test.context.support.AnnotationConfigContextLoaderUtils - Could not detect default configuration classes for test class [com.cognizant.cityapp.controller.CityControllerIT]: CityControllerIT does not declare any static, non-private, non-final, nested classes annotated with @Configuration.
09:25:25.414 [Test worker] DEBUG org.springframework.test.context.support.ActiveProfilesUtils - Could not find an 'annotation declaring class' for annotation type [org.springframework.test.context.ActiveProfiles] and class [com.cognizant.cityapp.controller.CityControllerIT]
09:25:25.450 [Test worker] DEBUG org.springframework.context.annotation.ClassPathScanningCandidateComponentProvider - Identified candidate component class: file [/home/cde/workspace/city-app-edge-service/build/classes/java/main/com/cognizant/cityapp/CityAppApplication.class]
09:25:25.451 [Test worker] INFO org.springframework.boot.test.context.SpringBootTestContextBootstrapper - Found @SpringBootConfiguration com.cognizant.cityapp.CityAppApplication for test class com.cognizant.cityapp.controller.CityControllerIT
09:25:25.452 [Test worker] DEBUG org.springframework.boot.test.autoconfigure.web.servlet.WebMvcTestContextBootstrapper - @TestExecutionListeners is not present for class [com.cognizant.cityapp.controller.CityControllerIT]: using defaults.
09:25:25.452 [Test worker] INFO org.springframework.boot.test.autoconfigure.web.servlet.WebMvcTestContextBootstrapper - Loaded default TestExecutionListener class names from location [META-INF/spring.factories]: [org.springframework.boot.test.autoconfigure.restdocs.RestDocsTestExecutionListener, org.springframework.boot.test.autoconfigure.web.client.MockRestServiceServerResetTestExecutionListener, org.springframework.boot.test.autoconfigure.web.servlet.MockMvcPrintOnlyOnFailureTestExecutionListener, org.springframework.boot.test.autoconfigure.web.servlet.WebDriverTestExecutionListener, org.springframework.boot.test.mock.mockito.MockitoTestExecutionListener, org.springframework.boot.test.mock.mockito.ResetMocksTestExecutionListener, org.springframework.test.context.web.ServletTestExecutionListener, org.springframework.test.context.support.DirtiesContextBeforeModesTestExecutionListener, org.springframework.test.context.support.DependencyInjectionTestExecutionListener, org.springframework.test.context.support.DirtiesContextTestExecutionListener, org.springframework.test.context.transaction.TransactionalTestExecutionListener, org.springframework.test.context.jdbc.SqlScriptsTestExecutionListener, org.springframework.test.context.event.EventPublishingTestExecutionListener]
09:25:25.456 [Test worker] DEBUG org.springframework.boot.test.autoconfigure.web.servlet.WebMvcTestContextBootstrapper - Skipping candidate TestExecutionListener [org.springframework.test.context.transaction.TransactionalTestExecutionListener] due to a missing dependency. Specify custom listener classes or make the default listener classes and their required dependencies available. Offending class: [org/springframework/transaction/TransactionDefinition]
09:25:25.457 [Test worker] DEBUG org.springframework.boot.test.autoconfigure.web.servlet.WebMvcTestContextBootstrapper - Skipping candidate TestExecutionListener [org.springframework.test.context.jdbc.SqlScriptsTestExecutionListener] due to a missing dependency. Specify custom listener classes or make the default listener classes and their required dependencies available. Offending class: [org/springframework/transaction/interceptor/TransactionAttribute]
09:25:25.457 [Test worker] INFO org.springframework.boot.test.autoconfigure.web.servlet.WebMvcTestContextBootstrapper - Using TestExecutionListeners: [org.springframework.test.context.web.ServletTestExecutionListener@78d2cc5c, org.springframework.test.context.support.DirtiesContextBeforeModesTestExecutionListener@2c1ecc73, org.springframework.boot.test.mock.mockito.MockitoTestExecutionListener@674bdcf0, org.springframework.boot.test.autoconfigure.SpringBootDependencyInjectionTestExecutionListener@51d08580, org.springframework.test.context.support.DirtiesContextTestExecutionListener@3f0e03ca, org.springframework.test.context.event.EventPublishingTestExecutionListener@65a93d0c, org.springframework.boot.test.autoconfigure.restdocs.RestDocsTestExecutionListener@5cbcc115, org.springframework.boot.test.autoconfigure.web.client.MockRestServiceServerResetTestExecutionListener@915a387, org.springframework.boot.test.autoconfigure.web.servlet.MockMvcPrintOnlyOnFailureTestExecutionListener@46caf13c, org.springframework.boot.test.autoconfigure.web.servlet.WebDriverTestExecutionListener@6aa7e5b4, org.springframework.boot.test.mock.mockito.ResetMocksTestExecutionListener@5029359c]
09:25:25.459 [Test worker] DEBUG org.springframework.test.context.support.AbstractDirtiesContextTestExecutionListener - Before test class: context [DefaultTestContext@e5045be testClass = CityControllerIT, testInstance = [null], testMethod = [null], testException = [null], mergedContextConfiguration = [WebMergedContextConfiguration@7398b149 testClass = CityControllerIT, locations = '{}', classes = '{class com.cognizant.cityapp.CityAppApplication}', contextInitializerClasses = '[]', activeProfiles = '{}', propertySourceLocations = '{}', propertySourceProperties = '{org.springframework.boot.test.autoconfigure.web.servlet.WebMvcTestContextBootstrapper=true}', contextCustomizers = set[org.springframework.boot.test.autoconfigure.OverrideAutoConfigurationContextCustomizerFactory$DisableAutoConfigurationContextCustomizer@49bb648e, org.springframework.boot.test.autoconfigure.filter.TypeExcludeFiltersContextCustomizer@51a4b78b, org.springframework.boot.test.autoconfigure.properties.PropertyMappingContextCustomizer@286e9bef, org.springframework.boot.test.autoconfigure.web.servlet.WebDriverContextCustomizerFactory$Customizer@48c9b8ba, [ImportsContextCustomizer@56328ad8 key = [org.springframework.boot.autoconfigure.cache.CacheAutoConfiguration, org.springframework.boot.autoconfigure.context.MessageSourceAutoConfiguration, org.springframework.boot.autoconfigure.data.web.SpringDataWebAutoConfiguration, org.springframework.boot.autoconfigure.freemarker.FreeMarkerAutoConfiguration, org.springframework.boot.autoconfigure.groovy.template.GroovyTemplateAutoConfiguration, org.springframework.boot.autoconfigure.gson.GsonAutoConfiguration, org.springframework.boot.autoconfigure.hateoas.HypermediaAutoConfiguration, org.springframework.boot.autoconfigure.http.HttpMessageConvertersAutoConfiguration, org.springframework.boot.autoconfigure.jackson.JacksonAutoConfiguration, org.springframework.boot.autoconfigure.jsonb.JsonbAutoConfiguration, org.springframework.boot.autoconfigure.mustache.MustacheAutoConfiguration, org.springframework.boot.autoconfigure.task.TaskExecutionAutoConfiguration, org.springframework.boot.autoconfigure.thymeleaf.ThymeleafAutoConfiguration, org.springframework.boot.autoconfigure.validation.ValidationAutoConfiguration, org.springframework.boot.autoconfigure.web.servlet.error.ErrorMvcAutoConfiguration, org.springframework.boot.autoconfigure.web.servlet.WebMvcAutoConfiguration, org.springframework.boot.test.autoconfigure.web.servlet.MockMvcAutoConfiguration, org.springframework.boot.test.autoconfigure.web.servlet.MockMvcWebClientAutoConfiguration, org.springframework.boot.test.autoconfigure.web.servlet.MockMvcWebDriverAutoConfiguration, org.springframework.boot.autoconfigure.security.servlet.SecurityAutoConfiguration, org.springframework.boot.autoconfigure.security.servlet.UserDetailsServiceAutoConfiguration, org.springframework.boot.test.autoconfigure.web.servlet.MockMvcSecurityConfiguration]], org.springframework.boot.test.context.filter.ExcludeFilterContextCustomizer@90a4b4f, org.springframework.boot.test.json.DuplicateJsonObjectContextCustomizerFactory$DuplicateJsonObjectContextCustomizer@3f74c58a, org.springframework.boot.test.mock.mockito.MockitoContextCustomizer@5970fedd], resourceBasePath = 'src/main/webapp', contextLoader = 'org.springframework.boot.test.context.SpringBootContextLoader', parent = [null]], attributes = map[[empty]]], class annotated with @DirtiesContext [false] with mode [null].
09:25:25.519 [Test worker] DEBUG org.springframework.test.context.support.TestPropertySourceUtils - Adding inlined properties to environment: {spring.jmx.enabled=false, org.springframework.boot.test.autoconfigure.web.servlet.WebMvcTestContextBootstrapper=true, server.port=-1}

  .   ____          _            __ _ _
 /\\ / ___'_ __ _ _(_)_ __  __ _ \ \ \ \
( ( )\___ | '_ | '_| | '_ \/ _` | \ \ \ \
 \\/  ___)| |_)| | | | | || (_| |  ) ) ) )
  '  |____| .__|_| |_|_| |_\__, | / / / /
 =========|_|==============|___/=/_/_/_/
 :: Spring Boot ::        (v2.2.4.RELEASE)

2020-02-19 09:25:25.691  INFO 5071 --- [    Test worker] c.c.cityapp.controller.CityControllerIT  : Starting CityControllerIT on cde-OptiPlex-7060 with PID 5071 (started by cde in /home/cde/workspace/city-app-edge-service)
2020-02-19 09:25:25.693  INFO 5071 --- [    Test worker] c.c.cityapp.controller.CityControllerIT  : No active profile set, falling back to default profiles: default
2020-02-19 09:25:26.433  INFO 5071 --- [    Test worker] o.s.s.concurrent.ThreadPoolTaskExecutor  : Initializing ExecutorService 'applicationTaskExecutor'
2020-02-19 09:25:26.589  INFO 5071 --- [    Test worker] o.s.b.t.m.w.SpringBootMockServletContext : Initializing Spring TestDispatcherServlet ''
2020-02-19 09:25:26.589  INFO 5071 --- [    Test worker] o.s.t.web.servlet.TestDispatcherServlet  : Initializing Servlet ''
2020-02-19 09:25:26.595  INFO 5071 --- [    Test worker] o.s.t.web.servlet.TestDispatcherServlet  : Completed initialization in 6 ms
2020-02-19 09:25:26.610  INFO 5071 --- [    Test worker] c.c.cityapp.controller.CityControllerIT  : Started CityControllerIT in 1.086 seconds (JVM running for 1.733)
2020-02-19 09:25:26.637  INFO 5071 --- [    Test worker] o.s.mock.web.MockServletContext          : Initializing Spring TestDispatcherServlet ''
2020-02-19 09:25:26.638  INFO 5071 --- [    Test worker] o.s.t.web.servlet.TestDispatcherServlet  : Initializing Servlet ''
2020-02-19 09:25:26.638  INFO 5071 --- [    Test worker] o.s.t.web.servlet.TestDispatcherServlet  : Completed initialization in 0 ms
header: 
4
]]></system-out>
  <system-err><![CDATA[]]></system-err>
</testsuite>
